<?xml version="1.0" encoding="UTF-8"?>
<!-- Generated by org.testng.reporters.JUnitReportReporter -->
<testsuite hostname="SAIs-MacBook-Air.local" failures="0" tests="2" name="com.tutorialsninja.qa.testcases.RegisterTest" time="32.340" errors="0" timestamp="2023-07-23T23:42:37 IST" skipped="0">
  <testcase classname="com.tutorialsninja.qa.testcases.RegisterTest" name="validateRegister" time="16.275"/>
  <system-out/>
  <testcase classname="com.tutorialsninja.qa.testcases.RegisterTest" name="validateWithAlreadyRegisteredMail" time="16.065"/>
  <system-out/>
</testsuite> <!-- com.tutorialsninja.qa.testcases.RegisterTest -->
