<?xml version="1.0" encoding="UTF-8"?>
<!-- Generated by org.testng.reporters.JUnitReportReporter -->
<testsuite hostname="SAIs-MacBook-Air.local" failures="0" tests="3" name="com.tutorialsninja.qa.testcases.SearchTest" time="34.396" errors="0" timestamp="2023-07-23T23:42:37 IST" skipped="0">
  <testcase classname="com.tutorialsninja.qa.testcases.SearchTest" name="searchForValidProduct" time="9.818"/>
  <system-out/>
  <testcase classname="com.tutorialsninja.qa.testcases.SearchTest" name="searchForInvalidProduct" time="12.709"/>
  <system-out/>
  <testcase classname="com.tutorialsninja.qa.testcases.SearchTest" name="searchWithEnteringAnything" time="11.869"/>
  <system-out/>
</testsuite> <!-- com.tutorialsninja.qa.testcases.SearchTest -->
