<?xml version="1.0" encoding="UTF-8"?>
<!-- Generated by org.testng.reporters.JUnitReportReporter -->
<testsuite hostname="SAIs-MacBook-Air.local" failures="0" tests="4" name="com.tutorialsninja.qa.testcases.LoginTest" time="15.129" errors="0" timestamp="2023-07-23T23:47:50 IST" skipped="3">
  <testcase classname="com.tutorialsninja.qa.testcases.LoginTest" name="verifyWithInvalidCredentials" time="15.129"/>
  <system-out/>
  <testcase classname="com.tutorialsninja.qa.testcases.LoginTest" name="verifyWithValidMailAndInvalidPassword">
    <skipped/>
  </testcase> <!-- verifyWithValidMailAndInvalidPassword -->
  <system-out/>
  <testcase classname="com.tutorialsninja.qa.testcases.LoginTest" name="verifyWithInvalidMailAndValidPassword">
    <skipped/>
  </testcase> <!-- verifyWithInvalidMailAndValidPassword -->
  <system-out/>
  <testcase classname="com.tutorialsninja.qa.testcases.LoginTest" name="verifyWithValidCredentails">
    <skipped/>
  </testcase> <!-- verifyWithValidCredentails -->
  <system-out/>
</testsuite> <!-- com.tutorialsninja.qa.testcases.LoginTest -->
