<?xml version="1.0" encoding="UTF-8"?>
<!-- Generated by org.testng.reporters.JUnitReportReporter -->
<testsuite hostname="SAIs-MacBook-Air.local" failures="0" tests="4" name="com.blogGen.qa.testcases.BlogLoginTest" time="75.344" errors="0" timestamp="2023-08-02T11:51:46 IST" skipped="0">
  <testcase classname="com.blogGen.qa.testcases.BlogLoginTest" name="loginWithValidMailAndPassword" time="23.513"/>
  <system-out/>
  <testcase classname="com.blogGen.qa.testcases.BlogLoginTest" name="loginWithInvalidMailAndInvalidPassword" time="17.078"/>
  <system-out/>
  <testcase classname="com.blogGen.qa.testcases.BlogLoginTest" name="loginWithValidMailInvalidPassword" time="17.618"/>
  <system-out/>
  <testcase classname="com.blogGen.qa.testcases.BlogLoginTest" name="loginWithInvalidMailValidPassword" time="17.135"/>
  <system-out/>
</testsuite> <!-- com.blogGen.qa.testcases.BlogLoginTest -->
