<?xml version="1.0" encoding="UTF-8"?>
<!-- Generated by org.testng.reporters.JUnitReportReporter -->
<testsuite hostname="SAIs-MacBook-Air.local" failures="0" tests="2" name="com.blogGen.qa.testcases.SearchInCategoriesTest" time="308.333" errors="0" timestamp="2023-08-02T15:43:23 IST" skipped="0">
  <testcase classname="com.blogGen.qa.testcases.SearchInCategoriesTest" name="searchForValidCategory" time="154.500"/>
  <system-out/>
  <testcase classname="com.blogGen.qa.testcases.SearchInCategoriesTest" name="searchForInvalidCategory" time="153.833"/>
  <system-out/>
</testsuite> <!-- com.blogGen.qa.testcases.SearchInCategoriesTest -->
