<?xml version="1.0" encoding="UTF-8"?>
<!-- Generated by org.testng.reporters.JUnitReportReporter -->
<testsuite hostname="SAIs-MacBook-Air.local" failures="0" tests="2" name="com.blogGen.qa.testcases.DeleteCategoryTest" time="169.341" errors="0" timestamp="2023-08-03T14:16:06 IST" skipped="1">
  <testcase classname="com.blogGen.qa.testcases.DeleteCategoryTest" name="deleteACategory" time="169.341"/>
  <system-out/>
  <testcase classname="com.blogGen.qa.testcases.DeleteCategoryTest" name="deleteACategoryWithoutSelectingCategory">
    <skipped/>
  </testcase> <!-- deleteACategoryWithoutSelectingCategory -->
  <system-out/>
</testsuite> <!-- com.blogGen.qa.testcases.DeleteCategoryTest -->
