<?xml version="1.0" encoding="UTF-8"?>
<!-- Generated by org.testng.reporters.JUnitReportReporter -->
<testsuite hostname="SAIs-MacBook-Air.local" failures="0" tests="2" name="com.blogGen.qa.testcases.SearchInBlogsTest" time="308.881" errors="0" timestamp="2023-08-02T14:59:45 IST" skipped="0">
  <testcase classname="com.blogGen.qa.testcases.SearchInBlogsTest" name="searchForValidBlog" time="152.547"/>
  <system-out/>
  <testcase classname="com.blogGen.qa.testcases.SearchInBlogsTest" name="searchForInvalidBlog" time="156.334"/>
  <system-out/>
</testsuite> <!-- com.blogGen.qa.testcases.SearchInBlogsTest -->
