<?xml version="1.0" encoding="UTF-8"?>
<!-- Generated by org.testng.reporters.JUnitReportReporter -->
<testsuite hostname="SAIs-MacBook-Air.local" failures="0" tests="5" name="com.blogGen.qa.testcases.AddCategoryTest" time="197.357" errors="0" timestamp="2023-08-02T17:22:33 IST" skipped="0">
  <testcase classname="com.blogGen.qa.testcases.AddCategoryTest" name="addNewCatergoryWithAllDetails" time="57.342"/>
  <system-out/>
  <testcase classname="com.blogGen.qa.testcases.AddCategoryTest" name="addNewCategoryWithoutEnteringAnthing" time="30.779"/>
  <system-out/>
  <testcase classname="com.blogGen.qa.testcases.AddCategoryTest" name="addNewCategoryByEnteringOnlyName" time="37.378"/>
  <system-out/>
  <testcase classname="com.blogGen.qa.testcases.AddCategoryTest" name="addNewCategoryByPuttingOnlyDate" time="38.311"/>
  <system-out/>
  <testcase classname="com.blogGen.qa.testcases.AddCategoryTest" name="addNewCategoryByPuttingOnlyFrequency" time="33.547"/>
  <system-out/>
</testsuite> <!-- com.blogGen.qa.testcases.AddCategoryTest -->
