<?xml version="1.0" encoding="UTF-8"?>
<!-- Generated by org.testng.reporters.JUnitReportReporter -->
<testsuite hostname="SAIs-MacBook-Air.local" failures="0" tests="3" name="com.tutorialsninja.qa.testcases.ProfileEditTest" time="122.394" errors="0" timestamp="2023-08-01T19:02:43 IST" skipped="0">
  <testcase classname="com.tutorialsninja.qa.testcases.ProfileEditTest" name="editUserProfileWithAllFields" time="51.472"/>
  <system-out/>
  <testcase classname="com.tutorialsninja.qa.testcases.ProfileEditTest" name="editProfileWithoutEnteringAnything" time="27.298"/>
  <system-out/>
  <testcase classname="com.tutorialsninja.qa.testcases.ProfileEditTest" name="editProfileByPuttinBlankInAllMandatoryFields" time="43.624"/>
  <system-out/>
</testsuite> <!-- com.tutorialsninja.qa.testcases.ProfileEditTest -->
