<?xml version="1.0" encoding="UTF-8"?>
<!-- Generated by org.testng.reporters.JUnitReportReporter -->
<testsuite hostname="SAIs-MacBook-Air.local" failures="0" tests="3" name="com.blogGen.qa.testcases.ProfileEditTest" time="138.677" errors="0" timestamp="2023-08-02T11:51:46 IST" skipped="0">
  <testcase classname="com.blogGen.qa.testcases.ProfileEditTest" name="editUserProfileWithAllFields" time="54.470"/>
  <system-out/>
  <testcase classname="com.blogGen.qa.testcases.ProfileEditTest" name="editProfileWithoutEnteringAnything" time="32.476"/>
  <system-out/>
  <testcase classname="com.blogGen.qa.testcases.ProfileEditTest" name="editProfileByPuttingBlankInAllMandatoryFields" time="51.731"/>
  <system-out/>
</testsuite> <!-- com.blogGen.qa.testcases.ProfileEditTest -->
