<?xml version="1.0" encoding="UTF-8"?>
<!-- Generated by org.testng.reporters.JUnitReportReporter -->
<testsuite hostname="SAIs-MacBook-Air.local" failures="0" tests="2" name="com.blogGen.qa.testcases.AddProfileTest" time="330.147" errors="0" timestamp="2023-08-03T16:04:12 IST" skipped="0">
  <testcase classname="com.blogGen.qa.testcases.AddProfileTest" name="addNewUser" time="171.789"/>
  <system-out/>
  <testcase classname="com.blogGen.qa.testcases.AddProfileTest" name="addNewUserWithoutEnteringEmail" time="158.358"/>
  <system-out/>
</testsuite> <!-- com.blogGen.qa.testcases.AddProfileTest -->
