<?xml version="1.0" encoding="UTF-8"?>
<!-- Generated by org.testng.reporters.JUnitReportReporter -->
<testsuite hostname="SAIs-MacBook-Air.local" failures="0" tests="3" name="com.tutorialsninja.qa.testcases.SearchTest" time="29.795" errors="0" timestamp="2023-07-28T16:59:52 IST" skipped="0">
  <testcase classname="com.tutorialsninja.qa.testcases.SearchTest" name="searchForValidProduct" time="10.096"/>
  <system-out/>
  <testcase classname="com.tutorialsninja.qa.testcases.SearchTest" name="searchForInvalidProduct" time="9.936"/>
  <system-out/>
  <testcase classname="com.tutorialsninja.qa.testcases.SearchTest" name="searchWithEnteringAnything" time="9.763"/>
  <system-out/>
</testsuite> <!-- com.tutorialsninja.qa.testcases.SearchTest -->
