<?xml version="1.0" encoding="UTF-8"?>
<!-- Generated by org.testng.reporters.JUnitReportReporter -->
<testsuite hostname="SAIs-MacBook-Air.local" failures="0" tests="1" name="com.tutorialsninja.qa.testcases.BlogLoginTest" time="20.777" errors="0" timestamp="2023-08-01T14:31:09 IST" skipped="0">
  <testcase classname="com.tutorialsninja.qa.testcases.BlogLoginTest" name="loginToApp" time="20.777"/>
  <system-out/>
</testsuite> <!-- com.tutorialsninja.qa.testcases.BlogLoginTest -->
